  [1m[35m (437.6ms)[0m  [1m[35mCREATE DATABASE "cats99_development" ENCODING = 'unicode'[0m
  ↳ bin/rails:9
  [1m[35m (313.0ms)[0m  [1m[35mCREATE DATABASE "cats99_test" ENCODING = 'unicode'[0m
  ↳ bin/rails:9
  [1m[35m (14.1ms)[0m  [1m[35mCREATE TABLE "schema_migrations" ("version" character varying NOT NULL PRIMARY KEY)[0m
  ↳ bin/rails:9
  [1m[35m (12.8ms)[0m  [1m[35mCREATE TABLE "ar_internal_metadata" ("key" character varying NOT NULL PRIMARY KEY, "value" character varying, "created_at" timestamp NOT NULL, "updated_at" timestamp NOT NULL)[0m
  ↳ bin/rails:9
  [1m[35m (0.3ms)[0m  [1m[34mSELECT pg_try_advisory_lock(7809834472913233005)[0m
  ↳ bin/rails:9
  [1m[35m (0.8ms)[0m  [1m[34mSELECT "schema_migrations"."version" FROM "schema_migrations" ORDER BY "schema_migrations"."version" ASC[0m
  ↳ bin/rails:9
Migrating to CreateCats (20220701182116)
  [1m[35m (0.3ms)[0m  [1m[35mBEGIN[0m
  ↳ bin/rails:9
  [1m[35m (12.1ms)[0m  [1m[35mCREATE TABLE "cats" ("id" bigserial primary key, "birth_date" date NOT NULL, "color" character varying NOT NULL, "name" character varying NOT NULL, "sex" character varying(1) NOT NULL, "description" text NOT NULL, "created_at" timestamp NOT NULL, "updated_at" timestamp NOT NULL)[0m
  ↳ db/migrate/20220701182116_create_cats.rb:3
  [1m[36mActiveRecord::SchemaMigration Create (1.2ms)[0m  [1m[32mINSERT INTO "schema_migrations" ("version") VALUES ($1) RETURNING "version"[0m  [["version", "20220701182116"]]
  ↳ bin/rails:9
  [1m[35m (2.8ms)[0m  [1m[35mCOMMIT[0m
  ↳ bin/rails:9
  [1m[36mActiveRecord::InternalMetadata Load (0.6ms)[0m  [1m[34mSELECT  "ar_internal_metadata".* FROM "ar_internal_metadata" WHERE "ar_internal_metadata"."key" = $1 LIMIT $2[0m  [["key", "environment"], ["LIMIT", 1]]
  ↳ bin/rails:9
  [1m[35m (0.6ms)[0m  [1m[35mBEGIN[0m
  ↳ bin/rails:9
  [1m[36mActiveRecord::InternalMetadata Create (0.7ms)[0m  [1m[32mINSERT INTO "ar_internal_metadata" ("key", "value", "created_at", "updated_at") VALUES ($1, $2, $3, $4) RETURNING "key"[0m  [["key", "environment"], ["value", "development"], ["created_at", "2022-07-01 18:26:58.628027"], ["updated_at", "2022-07-01 18:26:58.628027"]]
  ↳ bin/rails:9
  [1m[35m (1.7ms)[0m  [1m[35mCOMMIT[0m
  ↳ bin/rails:9
  [1m[35m (0.5ms)[0m  [1m[34mSELECT pg_advisory_unlock(7809834472913233005)[0m
  ↳ bin/rails:9
  [1m[35m (0.5ms)[0m  [1m[34mSELECT "schema_migrations"."version" FROM "schema_migrations" ORDER BY "schema_migrations"."version" ASC[0m
  ↳ bin/rails:9
  [1m[35m (0.9ms)[0m  [1m[34mSELECT "schema_migrations"."version" FROM "schema_migrations" ORDER BY "schema_migrations"."version" ASC[0m
  ↳ bin/rails:9
  [1m[35m (0.7ms)[0m  [1m[35mBEGIN[0m
  [1m[35m (0.9ms)[0m  [1m[31mROLLBACK[0m
  [1m[35m (0.4ms)[0m  [1m[35mBEGIN[0m
  [1m[36mCat Create (2.9ms)[0m  [1m[32mINSERT INTO "cats" ("birth_date", "color", "name", "sex", "description", "created_at", "updated_at") VALUES ($1, $2, $3, $4, $5, $6, $7) RETURNING "id"[0m  [["birth_date", "2015-01-20"], ["color", "grey"], ["name", "Tom"], ["sex", "GM"], ["description", "silly cat"], ["created_at", "2022-07-01 18:39:14.534556"], ["updated_at", "2022-07-01 18:39:14.534556"]]
  [1m[35m (0.6ms)[0m  [1m[31mROLLBACK[0m
  [1m[36mCat Load (1.6ms)[0m  [1m[34mSELECT  "cats".* FROM "cats" LIMIT $1[0m  [["LIMIT", 11]]
Started DELETE "/cats" for ::1 at 2022-07-01 15:06:35 -0400
  [1m[35m (1.4ms)[0m  [1m[34mSELECT "schema_migrations"."version" FROM "schema_migrations" ORDER BY "schema_migrations"."version" ASC[0m
  ↳ /home/stachecoding2/.rbenv/versions/2.5.1/lib/ruby/gems/2.5.0/gems/activerecord-5.2.8/lib/active_record/log_subscriber.rb:98
  
ActionController::RoutingError (No route matches [DELETE] "/cats"):
  
actionpack (5.2.8) lib/action_dispatch/middleware/debug_exceptions.rb:65:in `call'
web-console (3.7.0) lib/web_console/middleware.rb:135:in `call_app'
web-console (3.7.0) lib/web_console/middleware.rb:30:in `block in call'
web-console (3.7.0) lib/web_console/middleware.rb:20:in `catch'
web-console (3.7.0) lib/web_console/middleware.rb:20:in `call'
actionpack (5.2.8) lib/action_dispatch/middleware/show_exceptions.rb:33:in `call'
railties (5.2.8) lib/rails/rack/logger.rb:38:in `call_app'
railties (5.2.8) lib/rails/rack/logger.rb:26:in `block in call'
activesupport (5.2.8) lib/active_support/tagged_logging.rb:71:in `block in tagged'
activesupport (5.2.8) lib/active_support/tagged_logging.rb:28:in `tagged'
activesupport (5.2.8) lib/active_support/tagged_logging.rb:71:in `tagged'
railties (5.2.8) lib/rails/rack/logger.rb:26:in `call'
sprockets-rails (3.4.2) lib/sprockets/rails/quiet_assets.rb:13:in `call'
actionpack (5.2.8) lib/action_dispatch/middleware/remote_ip.rb:81:in `call'
actionpack (5.2.8) lib/action_dispatch/middleware/request_id.rb:27:in `call'
rack (2.2.4) lib/rack/method_override.rb:24:in `call'
rack (2.2.4) lib/rack/runtime.rb:22:in `call'
activesupport (5.2.8) lib/active_support/cache/strategy/local_cache_middleware.rb:29:in `call'
actionpack (5.2.8) lib/action_dispatch/middleware/executor.rb:14:in `call'
actionpack (5.2.8) lib/action_dispatch/middleware/static.rb:127:in `call'
rack (2.2.4) lib/rack/sendfile.rb:110:in `call'
railties (5.2.8) lib/rails/engine.rb:524:in `call'
puma (3.12.6) lib/puma/configuration.rb:227:in `call'
puma (3.12.6) lib/puma/server.rb:706:in `handle_request'
puma (3.12.6) lib/puma/server.rb:476:in `process_client'
puma (3.12.6) lib/puma/server.rb:334:in `block in run'
puma (3.12.6) lib/puma/thread_pool.rb:135:in `block in spawn_thread'
Started GET "/cats" for ::1 at 2022-07-01 15:06:57 -0400
Processing by CatsController#index as */*
  Rendering cats/index.html.erb within layouts/application
  [1m[36mCat Load (1.6ms)[0m  [1m[34mSELECT "cats".* FROM "cats"[0m
  ↳ app/views/cats/index.html.erb:4
  Rendered cats/index.html.erb within layouts/application (15.3ms)
Completed 200 OK in 547ms (Views: 531.9ms | ActiveRecord: 5.3ms)


Started GET "/cats" for ::1 at 2022-07-01 15:07:58 -0400
Processing by CatsController#index as HTML
  Rendering cats/index.html.erb within layouts/application
  [1m[36mCat Load (1.3ms)[0m  [1m[34mSELECT "cats".* FROM "cats"[0m
  ↳ app/views/cats/index.html.erb:4
  Rendered cats/index.html.erb within layouts/application (7.7ms)
Completed 200 OK in 55ms (Views: 50.3ms | ActiveRecord: 1.3ms)


  [1m[35m (1.0ms)[0m  [1m[34mSELECT "schema_migrations"."version" FROM "schema_migrations" ORDER BY "schema_migrations"."version" ASC[0m
  ↳ bin/rails:9
  [1m[36mCat Load (0.9ms)[0m  [1m[34mSELECT "cats".* FROM "cats"[0m
  ↳ db/seeds.rb:9
  [1m[36mCat Load (0.5ms)[0m  [1m[34mSELECT  "cats".* FROM "cats" LIMIT $1[0m  [["LIMIT", 11]]
  [1m[36mCat Load (1.1ms)[0m  [1m[34mSELECT  "cats".* FROM "cats" LIMIT $1[0m  [["LIMIT", 11]]
  [1m[35m (0.7ms)[0m  [1m[34mSELECT "schema_migrations"."version" FROM "schema_migrations" ORDER BY "schema_migrations"."version" ASC[0m
  ↳ bin/rails:9
  [1m[36mCat Load (0.7ms)[0m  [1m[34mSELECT "cats".* FROM "cats"[0m
  ↳ db/seeds.rb:9
  [1m[35m (0.4ms)[0m  [1m[35mBEGIN[0m
  ↳ db/seeds.rb:10
  [1m[36mCat Create (3.2ms)[0m  [1m[32mINSERT INTO "cats" ("birth_date", "color", "name", "sex", "description", "created_at", "updated_at") VALUES ($1, $2, $3, $4, $5, $6, $7) RETURNING "id"[0m  [["birth_date", "2013-01-20"], ["color", "tuxedo"], ["name", "Tom"], ["sex", "M"], ["description", "memories"], ["created_at", "2022-07-01 19:14:12.143245"], ["updated_at", "2022-07-01 19:14:12.143245"]]
  ↳ db/seeds.rb:10
  [1m[35m (3.9ms)[0m  [1m[35mCOMMIT[0m
  ↳ db/seeds.rb:10
  [1m[35m (0.3ms)[0m  [1m[35mBEGIN[0m
  ↳ db/seeds.rb:11
  [1m[36mCat Create (0.5ms)[0m  [1m[32mINSERT INTO "cats" ("birth_date", "color", "name", "sex", "description", "created_at", "updated_at") VALUES ($1, $2, $3, $4, $5, $6, $7) RETURNING "id"[0m  [["birth_date", "2016-03-20"], ["color", "russian blue"], ["name", "Jerry"], ["sex", "M"], ["description", "silly"], ["created_at", "2022-07-01 19:14:12.154112"], ["updated_at", "2022-07-01 19:14:12.154112"]]
  ↳ db/seeds.rb:11
  [1m[35m (2.0ms)[0m  [1m[35mCOMMIT[0m
  ↳ db/seeds.rb:11
  [1m[35m (0.3ms)[0m  [1m[35mBEGIN[0m
  ↳ db/seeds.rb:12
  [1m[36mCat Create (0.5ms)[0m  [1m[32mINSERT INTO "cats" ("birth_date", "color", "name", "sex", "description", "created_at", "updated_at") VALUES ($1, $2, $3, $4, $5, $6, $7) RETURNING "id"[0m  [["birth_date", "2015-08-25"], ["color", "grey"], ["name", "Stove"], ["sex", "F"], ["description", "very fat"], ["created_at", "2022-07-01 19:14:12.159502"], ["updated_at", "2022-07-01 19:14:12.159502"]]
  ↳ db/seeds.rb:12
  [1m[35m (1.9ms)[0m  [1m[35mCOMMIT[0m
  ↳ db/seeds.rb:12
  [1m[35m (0.3ms)[0m  [1m[35mBEGIN[0m
  ↳ db/seeds.rb:13
  [1m[36mCat Create (0.8ms)[0m  [1m[32mINSERT INTO "cats" ("birth_date", "color", "name", "sex", "description", "created_at", "updated_at") VALUES ($1, $2, $3, $4, $5, $6, $7) RETURNING "id"[0m  [["birth_date", "2018-01-20"], ["color", "orange"], ["name", "Barry"], ["sex", "M"], ["description", "stupid"], ["created_at", "2022-07-01 19:14:12.164471"], ["updated_at", "2022-07-01 19:14:12.164471"]]
  ↳ db/seeds.rb:13
  [1m[35m (2.0ms)[0m  [1m[35mCOMMIT[0m
  ↳ db/seeds.rb:13
  [1m[35m (0.4ms)[0m  [1m[35mBEGIN[0m
  ↳ db/seeds.rb:14
  [1m[36mCat Create (0.7ms)[0m  [1m[32mINSERT INTO "cats" ("birth_date", "color", "name", "sex", "description", "created_at", "updated_at") VALUES ($1, $2, $3, $4, $5, $6, $7) RETURNING "id"[0m  [["birth_date", "2012-01-20"], ["color", "black"], ["name", "Rose"], ["sex", "F"], ["description", "lasagna"], ["created_at", "2022-07-01 19:14:12.170256"], ["updated_at", "2022-07-01 19:14:12.170256"]]
  ↳ db/seeds.rb:14
  [1m[35m (1.9ms)[0m  [1m[35mCOMMIT[0m
  ↳ db/seeds.rb:14
  [1m[36mCat Load (0.6ms)[0m  [1m[34mSELECT  "cats".* FROM "cats" LIMIT $1[0m  [["LIMIT", 11]]
Started GET "/cats" for ::1 at 2022-07-01 15:15:23 -0400
  [1m[35m (0.8ms)[0m  [1m[34mSELECT "schema_migrations"."version" FROM "schema_migrations" ORDER BY "schema_migrations"."version" ASC[0m
  ↳ /home/stachecoding2/.rbenv/versions/2.5.1/lib/ruby/gems/2.5.0/gems/activerecord-5.2.8/lib/active_record/log_subscriber.rb:98
Processing by CatsController#index as HTML
  Rendering cats/index.html.erb within layouts/application
  [1m[36mCat Load (1.2ms)[0m  [1m[34mSELECT "cats".* FROM "cats"[0m
  ↳ app/views/cats/index.html.erb:4
  Rendered cats/index.html.erb within layouts/application (40.9ms)
Completed 200 OK in 342ms (Views: 321.4ms | ActiveRecord: 11.3ms)


Started GET "/cats/3" for ::1 at 2022-07-01 15:23:51 -0400
  [1m[35m (0.9ms)[0m  [1m[34mSELECT "schema_migrations"."version" FROM "schema_migrations" ORDER BY "schema_migrations"."version" ASC[0m
  ↳ /home/stachecoding2/.rbenv/versions/2.5.1/lib/ruby/gems/2.5.0/gems/activerecord-5.2.8/lib/active_record/log_subscriber.rb:98
Processing by CatsController#show as HTML
  Parameters: {"id"=>"3"}
  [1m[36mCat Load (0.8ms)[0m  [1m[34mSELECT  "cats".* FROM "cats" WHERE "cats"."id" = $1 LIMIT $2[0m  [["id", 3], ["LIMIT", 1]]
  ↳ app/controllers/cats_controller.rb:8
  Rendering cats/show.html.erb within layouts/application
  Rendered cats/show.html.erb within layouts/application (2.9ms)
Completed 200 OK in 372ms (Views: 321.6ms | ActiveRecord: 8.3ms)


Started GET "/cats/3" for ::1 at 2022-07-01 15:31:26 -0400
Processing by CatsController#show as HTML
  Parameters: {"id"=>"3"}
  [1m[36mCat Load (1.1ms)[0m  [1m[34mSELECT  "cats".* FROM "cats" WHERE "cats"."id" = $1 LIMIT $2[0m  [["id", 3], ["LIMIT", 1]]
  ↳ app/controllers/cats_controller.rb:8
  Rendering cats/show.html.erb within layouts/application
  Rendered cats/show.html.erb within layouts/application (1.6ms)
Completed 200 OK in 46ms (Views: 35.3ms | ActiveRecord: 1.7ms)


Started GET "/cats/3" for ::1 at 2022-07-01 15:32:09 -0400
Processing by CatsController#show as HTML
  Parameters: {"id"=>"3"}
  [1m[36mCat Load (1.4ms)[0m  [1m[34mSELECT  "cats".* FROM "cats" WHERE "cats"."id" = $1 LIMIT $2[0m  [["id", 3], ["LIMIT", 1]]
  ↳ app/controllers/cats_controller.rb:8
  Rendering cats/show.html.erb within layouts/application
  Rendered cats/show.html.erb within layouts/application (1.3ms)
Completed 200 OK in 37ms (Views: 31.7ms | ActiveRecord: 1.4ms)


  [1m[36mCat Load (0.6ms)[0m  [1m[34mSELECT  "cats".* FROM "cats" LIMIT $1[0m  [["LIMIT", 11]]
  [1m[36mCat Load (0.9ms)[0m  [1m[34mSELECT  "cats".* FROM "cats" ORDER BY "cats"."id" ASC LIMIT $1[0m  [["LIMIT", 1]]
  [1m[36mCat Load (0.8ms)[0m  [1m[34mSELECT  "cats".* FROM "cats" ORDER BY "cats"."id" ASC LIMIT $1[0m  [["LIMIT", 1]]
Started GET "/cats/new" for ::1 at 2022-07-01 15:57:00 -0400
  [1m[35m (1.2ms)[0m  [1m[34mSELECT "schema_migrations"."version" FROM "schema_migrations" ORDER BY "schema_migrations"."version" ASC[0m
  ↳ /home/stachecoding2/.rbenv/versions/2.5.1/lib/ruby/gems/2.5.0/gems/activerecord-5.2.8/lib/active_record/log_subscriber.rb:98
Processing by CatsController#new as HTML
Completed 400 Bad Request in 9ms (ActiveRecord: 0.0ms)



ActionController::ParameterMissing - param is missing or the value is empty: cat:
  app/controllers/cats_controller.rb:30:in `cat_params'
  app/controllers/cats_controller.rb:13:in `new'

Started POST "/__better_errors/81dfb5eb44d95596/variables" for ::1 at 2022-07-01 15:57:00 -0400
Started GET "/cats/new" for ::1 at 2022-07-01 15:58:32 -0400
Processing by CatsController#new as HTML
  Rendering cats/new.html.erb within layouts/application
  Rendered cats/new.html.erb within layouts/application (13.1ms)
Completed 500 Internal Server Error in 22ms (ActiveRecord: 0.0ms)



NoMethodError - undefined method `color' for nil:NilClass:
  app/views/cats/new.html.erb:19:in `_app_views_cats_new_html_erb__3354762034892737533_47167670295180'
  app/controllers/cats_controller.rb:13:in `new'

Started POST "/__better_errors/9af4038f79429181/variables" for ::1 at 2022-07-01 15:58:33 -0400
Started GET "/cats/new" for ::1 at 2022-07-01 15:59:24 -0400
Processing by CatsController#new as HTML
  Rendering cats/new.html.erb within layouts/application
  Rendered cats/new.html.erb within layouts/application (4.3ms)
Completed 500 Internal Server Error in 10ms (ActiveRecord: 0.0ms)



NoMethodError - undefined method `color' for nil:NilClass:
  app/views/cats/new.html.erb:19:in `_app_views_cats_new_html_erb__3354762034892737533_47167667501320'
  app/controllers/cats_controller.rb:13:in `new'

Started POST "/__better_errors/9f52c6cbf54d8c5a/variables" for ::1 at 2022-07-01 15:59:25 -0400
Started GET "/cats/new" for ::1 at 2022-07-01 15:59:45 -0400
Processing by CatsController#new as HTML
  Rendering cats/new.html.erb within layouts/application
  Rendered cats/new.html.erb within layouts/application (5.2ms)
Completed 500 Internal Server Error in 10ms (ActiveRecord: 0.0ms)



NoMethodError - undefined method `color' for nil:NilClass:
  app/views/cats/new.html.erb:19:in `_app_views_cats_new_html_erb__3354762034892737533_47167661212800'
  app/controllers/cats_controller.rb:13:in `new'

Started POST "/__better_errors/f8ea9ef731734b0d/variables" for ::1 at 2022-07-01 15:59:45 -0400
Started GET "/cats/new" for ::1 at 2022-07-01 16:07:39 -0400
Processing by CatsController#new as HTML
  Rendering cats/new.html.erb within layouts/application
  Rendered cats/new.html.erb within layouts/application (6.8ms)
Completed 500 Internal Server Error in 13ms (ActiveRecord: 0.0ms)



NoMethodError - undefined method `colors' for nil:NilClass:
  app/views/cats/new.html.erb:19:in `_app_views_cats_new_html_erb__3354762034892737533_47167659154180'
  app/controllers/cats_controller.rb:13:in `new'

Started POST "/__better_errors/15f89f1916c85f72/variables" for ::1 at 2022-07-01 16:07:39 -0400
Started GET "/cats/new" for ::1 at 2022-07-01 16:08:41 -0400
Processing by CatsController#new as HTML
Completed 400 Bad Request in 5ms (ActiveRecord: 0.0ms)



ActionController::ParameterMissing - param is missing or the value is empty: cat:
  app/controllers/cats_controller.rb:31:in `cat_params'
  app/controllers/cats_controller.rb:13:in `new'

Started POST "/__better_errors/d87ba855fc5804d6/variables" for ::1 at 2022-07-01 16:08:41 -0400
Started POST "/cats?cat[name]=Victor&cat[birth_date]=03/02/2000&cat[color]=orange%20&cat[description]=Silly&cat[sex]=M" for ::1 at 2022-07-01 16:12:35 -0400
Processing by CatsController#create as */*
  Parameters: {"cat"=>{"name"=>"Victor", "birth_date"=>"03/02/2000", "color"=>"orange ", "description"=>"Silly", "sex"=>"M"}}
  [1m[35m (0.6ms)[0m  [1m[35mBEGIN[0m
  ↳ app/controllers/cats_controller.rb:19
  [1m[35m (1.3ms)[0m  [1m[31mROLLBACK[0m
  ↳ app/controllers/cats_controller.rb:19
Completed 422 Unprocessable Entity in 44ms (Views: 0.7ms | ActiveRecord: 17.8ms)


Started POST "/cats?cat[name]=Victor&cat[birth_date]=03/02/2000&cat[color]=orange&cat[description]=Silly&cat[sex]=M" for ::1 at 2022-07-01 16:13:04 -0400
Processing by CatsController#create as */*
  Parameters: {"cat"=>{"name"=>"Victor", "birth_date"=>"03/02/2000", "color"=>"orange", "description"=>"Silly", "sex"=>"M"}}
  [1m[35m (0.5ms)[0m  [1m[35mBEGIN[0m
  ↳ app/controllers/cats_controller.rb:19
  [1m[36mCat Create (3.4ms)[0m  [1m[32mINSERT INTO "cats" ("birth_date", "color", "name", "sex", "description", "created_at", "updated_at") VALUES ($1, $2, $3, $4, $5, $6, $7) RETURNING "id"[0m  [["birth_date", "2000-02-03"], ["color", "orange"], ["name", "Victor"], ["sex", "M"], ["description", "Silly"], ["created_at", "2022-07-01 20:13:04.786608"], ["updated_at", "2022-07-01 20:13:04.786608"]]
  ↳ app/controllers/cats_controller.rb:19
  [1m[35m (42.3ms)[0m  [1m[35mCOMMIT[0m
  ↳ app/controllers/cats_controller.rb:19
Redirected to http://localhost:3000/cats/6
Completed 302 Found in 59ms (ActiveRecord: 46.2ms)


Started GET "/cats/6" for ::1 at 2022-07-01 16:13:04 -0400
Processing by CatsController#show as */*
  Parameters: {"id"=>"6"}
  [1m[36mCat Load (1.6ms)[0m  [1m[34mSELECT  "cats".* FROM "cats" WHERE "cats"."id" = $1 LIMIT $2[0m  [["id", 6], ["LIMIT", 1]]
  ↳ app/controllers/cats_controller.rb:8
  Rendering cats/show.html.erb within layouts/application
  Rendered cats/show.html.erb within layouts/application (2.0ms)
Completed 200 OK in 340ms (Views: 327.9ms | ActiveRecord: 2.2ms)


Started POST "/cats?cat[name]=Victor&cat[birth_date]=03/02/2000&cat[color]=orange&cat[description]=Silly&cat[sex]=M" for ::1 at 2022-07-01 16:15:21 -0400
Processing by CatsController#create as */*
  Parameters: {"cat"=>{"name"=>"Victor", "birth_date"=>"03/02/2000", "color"=>"orange", "description"=>"Silly", "sex"=>"M"}}
  [1m[35m (0.7ms)[0m  [1m[35mBEGIN[0m
  ↳ app/controllers/cats_controller.rb:19
  [1m[36mCat Create (1.3ms)[0m  [1m[32mINSERT INTO "cats" ("birth_date", "color", "name", "sex", "description", "created_at", "updated_at") VALUES ($1, $2, $3, $4, $5, $6, $7) RETURNING "id"[0m  [["birth_date", "2000-02-03"], ["color", "orange"], ["name", "Victor"], ["sex", "M"], ["description", "Silly"], ["created_at", "2022-07-01 20:15:21.698529"], ["updated_at", "2022-07-01 20:15:21.698529"]]
  ↳ app/controllers/cats_controller.rb:19
  [1m[35m (41.7ms)[0m  [1m[35mCOMMIT[0m
  ↳ app/controllers/cats_controller.rb:19
  Rendering cats/new.html.erb within layouts/application
  Rendered cats/new.html.erb within layouts/application (1.0ms)
Completed 200 OK in 117ms (Views: 31.5ms | ActiveRecord: 52.8ms)


Started GET "/cats/new" for ::1 at 2022-07-01 16:16:08 -0400
Processing by CatsController#new as HTML
  Rendering cats/new.html.erb within layouts/application
  Rendered cats/new.html.erb within layouts/application (4.9ms)
Completed 500 Internal Server Error in 11ms (ActiveRecord: 0.0ms)



NoMethodError - undefined method `colors' for nil:NilClass:
  app/views/cats/new.html.erb:19:in `_app_views_cats_new_html_erb__3354762034892737533_47167670020660'
  app/controllers/cats_controller.rb:13:in `new'

Started POST "/__better_errors/1d7a4548e85e6fde/variables" for ::1 at 2022-07-01 16:16:08 -0400
Started GET "/cats/new" for ::1 at 2022-07-01 16:19:51 -0400
  [1m[35m (1.4ms)[0m  [1m[34mSELECT "schema_migrations"."version" FROM "schema_migrations" ORDER BY "schema_migrations"."version" ASC[0m
  ↳ /home/stachecoding2/.rbenv/versions/2.5.1/lib/ruby/gems/2.5.0/gems/activerecord-5.2.8/lib/active_record/log_subscriber.rb:98
Processing by CatsController#new as HTML
Completed 400 Bad Request in 11ms (ActiveRecord: 0.0ms)



ActionController::ParameterMissing - param is missing or the value is empty: cat:
  app/controllers/cats_controller.rb:32:in `cat_params'
  app/controllers/cats_controller.rb:14:in `new'

Started POST "/__better_errors/15e4cf9b767a4e18/variables" for ::1 at 2022-07-01 16:19:51 -0400
Started GET "/cats/new" for ::1 at 2022-07-01 16:19:59 -0400
Processing by CatsController#new as HTML
Completed 400 Bad Request in 57483ms (ActiveRecord: 0.0ms)



ActionController::ParameterMissing - param is missing or the value is empty: cat:
  app/controllers/cats_controller.rb:33:in `cat_params'
  app/controllers/cats_controller.rb:15:in `new'

Started POST "/__better_errors/8606a3723f70a422/variables" for ::1 at 2022-07-01 16:20:57 -0400
Started GET "/cats/new" for ::1 at 2022-07-01 16:23:38 -0400
Processing by CatsController#new as HTML
  Rendering cats/new.html.erb within layouts/application
  Rendered cats/new.html.erb within layouts/application (7.0ms)
Completed 500 Internal Server Error in 16ms (ActiveRecord: 0.0ms)



NoMethodError - undefined method `each' for nil:NilClass:
  app/views/cats/new.html.erb:19:in `_app_views_cats_new_html_erb__3222297088695394442_70123769948140'
  app/controllers/cats_controller.rb:13:in `new'

Started POST "/__better_errors/ec90374620eed143/variables" for ::1 at 2022-07-01 16:23:38 -0400
Started GET "/cats/new" for ::1 at 2022-07-01 16:24:54 -0400
Processing by CatsController#new as */*
  Rendering cats/new.html.erb within layouts/application
  Rendered cats/new.html.erb within layouts/application (8.2ms)
Completed 500 Internal Server Error in 16ms (ActiveRecord: 0.0ms)



NoMethodError - undefined method `each' for nil:NilClass:
  app/views/cats/new.html.erb:19:in `_app_views_cats_new_html_erb__3222297088695394442_70123771431520'
  app/controllers/cats_controller.rb:13:in `new'

Started GET "/cats/new" for ::1 at 2022-07-01 16:29:37 -0400
Processing by CatsController#new as HTML
  Rendering cats/new.html.erb within layouts/application
  Rendered cats/new.html.erb within layouts/application (8.0ms)
Completed 500 Internal Server Error in 14ms (ActiveRecord: 0.0ms)



NoMethodError - undefined method `each' for nil:NilClass:
  app/views/cats/new.html.erb:19:in `_app_views_cats_new_html_erb__3222297088695394442_70123770763760'
  app/controllers/cats_controller.rb:13:in `new'

Started POST "/__better_errors/833d0c7f4e19d801/variables" for ::1 at 2022-07-01 16:29:38 -0400
Started GET "/cats/new" for ::1 at 2022-07-01 16:29:48 -0400
Processing by CatsController#new as HTML
  Rendering cats/new.html.erb within layouts/application
  Rendered cats/new.html.erb within layouts/application (4.5ms)
Completed 500 Internal Server Error in 10ms (ActiveRecord: 0.0ms)



NoMethodError - undefined method `each' for nil:NilClass:
  app/views/cats/new.html.erb:19:in `_app_views_cats_new_html_erb__3222297088695394442_70123771490580'
  app/controllers/cats_controller.rb:13:in `new'

Started POST "/__better_errors/4deadc3486872577/variables" for ::1 at 2022-07-01 16:29:48 -0400
Started GET "/cats/new" for ::1 at 2022-07-01 16:30:55 -0400
Processing by CatsController#new as HTML
  Rendering cats/new.html.erb within layouts/application
  Rendered cats/new.html.erb within layouts/application (1.0ms)
Completed 200 OK in 304ms (Views: 302.3ms | ActiveRecord: 0.0ms)


Started GET "/cats/new" for ::1 at 2022-07-01 16:32:37 -0400
Processing by CatsController#new as HTML
  Rendering cats/new.html.erb within layouts/application
  Rendered cats/new.html.erb within layouts/application (8.4ms)
Completed 500 Internal Server Error in 14ms (ActiveRecord: 0.0ms)



NoMethodError - undefined method `each' for nil:NilClass:
  app/views/cats/new.html.erb:19:in `_app_views_cats_new_html_erb__3222297088695394442_70123662643720'
  app/controllers/cats_controller.rb:13:in `new'

Started POST "/__better_errors/94906d641e36faf3/variables" for ::1 at 2022-07-01 16:32:37 -0400
Started POST "/__better_errors/94906d641e36faf3/eval" for ::1 at 2022-07-01 16:32:53 -0400
Started GET "/cats/new" for ::1 at 2022-07-01 16:36:02 -0400
Processing by CatsController#new as HTML
  Rendering cats/new.html.erb within layouts/application
  Rendered cats/new.html.erb within layouts/application (11.1ms)
Completed 500 Internal Server Error in 18ms (ActiveRecord: 0.0ms)



NameError - uninitialized constant ActionView::CompiledTemplates::COLORS:
  app/views/cats/new.html.erb:19:in `_app_views_cats_new_html_erb__3222297088695394442_70123671605320'
  app/controllers/cats_controller.rb:16:in `new'

Started POST "/__better_errors/f576ef80a4e81a27/variables" for ::1 at 2022-07-01 16:36:02 -0400
Started POST "/__better_errors/f576ef80a4e81a27/eval" for ::1 at 2022-07-01 16:36:11 -0400
Started GET "/cats/new" for ::1 at 2022-07-01 16:37:30 -0400
Processing by CatsController#new as HTML
  Rendering cats/new.html.erb within layouts/application
  Rendered cats/new.html.erb within layouts/application (5.9ms)
Completed 200 OK in 43ms (Views: 40.7ms | ActiveRecord: 0.0ms)


Started GET "/cats/new" for ::1 at 2022-07-01 16:40:38 -0400
Processing by CatsController#new as HTML
  Rendering cats/new.html.erb within layouts/application
  Rendered cats/new.html.erb within layouts/application (2.3ms)
Completed 200 OK in 52ms (Views: 47.7ms | ActiveRecord: 0.0ms)


Started GET "/cats/new" for ::1 at 2022-07-01 16:41:01 -0400
Processing by CatsController#new as HTML
  Rendering cats/new.html.erb within layouts/application
  Rendered cats/new.html.erb within layouts/application (6.2ms)
Completed 200 OK in 37ms (Views: 36.1ms | ActiveRecord: 0.0ms)


Started GET "/cats/new" for ::1 at 2022-07-01 16:43:18 -0400
Processing by CatsController#new as HTML
  Rendering cats/new.html.erb within layouts/application
  Rendered cats/new.html.erb within layouts/application (3.7ms)
Completed 200 OK in 46ms (Views: 43.8ms | ActiveRecord: 0.0ms)


Started GET "/cats/new" for ::1 at 2022-07-01 16:43:36 -0400
Processing by CatsController#new as HTML
  Rendering cats/new.html.erb within layouts/application
  Rendered cats/new.html.erb within layouts/application (1.4ms)
Completed 200 OK in 30ms (Views: 29.5ms | ActiveRecord: 0.0ms)


Started POST "/cats" for ::1 at 2022-07-01 16:44:01 -0400
Processing by CatsController#create as HTML
  Parameters: {"cat"=>{"name"=>"BamBam", "sex"=>"F", "birth_date"=>"2017-05-10", "description"=>"Very Skittish"}, "colors"=>"grey"}
  [1m[35m (0.5ms)[0m  [1m[35mBEGIN[0m
  ↳ app/controllers/cats_controller.rb:22
  [1m[35m (0.7ms)[0m  [1m[31mROLLBACK[0m
  ↳ app/controllers/cats_controller.rb:22
Completed 422 Unprocessable Entity in 55ms (Views: 0.8ms | ActiveRecord: 9.5ms)


Started POST "/cats" for ::1 at 2022-07-01 16:45:30 -0400
Processing by CatsController#create as HTML
  Parameters: {"cat"=>{"name"=>"BamBam", "sex"=>"F", "birth_date"=>"2017-05-10", "description"=>"Very Skittish"}, "colors"=>"grey"}
  [1m[35m (0.7ms)[0m  [1m[35mBEGIN[0m
  ↳ app/controllers/cats_controller.rb:22
  [1m[35m (0.5ms)[0m  [1m[31mROLLBACK[0m
  ↳ app/controllers/cats_controller.rb:22
Completed 422 Unprocessable Entity in 17ms (Views: 0.8ms | ActiveRecord: 1.2ms)


Started POST "/cats" for ::1 at 2022-07-01 16:45:40 -0400
Processing by CatsController#create as HTML
  Parameters: {"cat"=>{"name"=>"BamBam", "sex"=>"F", "birth_date"=>"2017-05-10", "description"=>"Very Skittish"}, "colors"=>"grey"}
  [1m[35m (0.5ms)[0m  [1m[35mBEGIN[0m
  ↳ app/controllers/cats_controller.rb:22
  [1m[35m (0.6ms)[0m  [1m[31mROLLBACK[0m
  ↳ app/controllers/cats_controller.rb:22
Completed 422 Unprocessable Entity in 10ms (Views: 0.2ms | ActiveRecord: 1.1ms)


Started POST "/cats" for ::1 at 2022-07-01 16:46:09 -0400
  [1m[35m (1.2ms)[0m  [1m[34mSELECT "schema_migrations"."version" FROM "schema_migrations" ORDER BY "schema_migrations"."version" ASC[0m
  ↳ /home/stachecoding2/.rbenv/versions/2.5.1/lib/ruby/gems/2.5.0/gems/activerecord-5.2.8/lib/active_record/log_subscriber.rb:98
Processing by CatsController#create as HTML
  Parameters: {"cat"=>{"name"=>"BamBam", "sex"=>"F", "birth_date"=>"2017-05-10", "description"=>"Very Skittish"}, "colors"=>"grey"}
  [1m[35m (0.6ms)[0m  [1m[35mBEGIN[0m
  ↳ app/controllers/cats_controller.rb:22
  [1m[35m (0.5ms)[0m  [1m[31mROLLBACK[0m
  ↳ app/controllers/cats_controller.rb:22
Completed 422 Unprocessable Entity in 50ms (Views: 1.1ms | ActiveRecord: 9.0ms)


Started POST "/cats" for ::1 at 2022-07-01 16:48:33 -0400
Processing by CatsController#create as HTML
  Parameters: {"cat"=>{"name"=>"BamBam", "sex"=>"F", "birth_date"=>"2017-05-10", "description"=>"Very Skittish"}, "colors"=>"grey"}
  [1m[35m (0.8ms)[0m  [1m[35mBEGIN[0m
  ↳ app/controllers/cats_controller.rb:23
  [1m[35m (0.7ms)[0m  [1m[31mROLLBACK[0m
  ↳ app/controllers/cats_controller.rb:23
Completed 422 Unprocessable Entity in 58ms (Views: 0.4ms | ActiveRecord: 6.8ms)


Started GET "/cats/new" for ::1 at 2022-07-01 16:52:53 -0400
Processing by CatsController#new as HTML
  Rendering cats/new.html.erb within layouts/application
  Rendered cats/new.html.erb within layouts/application (3.8ms)
Completed 200 OK in 327ms (Views: 324.9ms | ActiveRecord: 0.0ms)


Started POST "/cats" for ::1 at 2022-07-01 16:53:20 -0400
Processing by CatsController#create as HTML
  Parameters: {"cat"=>{"name"=>"BamBam", "sex"=>"F", "color"=>"tuxedo", "birth_date"=>"2016-04-12", "description"=>"Very Skittish"}}
  [1m[35m (0.5ms)[0m  [1m[35mBEGIN[0m
  ↳ app/controllers/cats_controller.rb:23
  [1m[36mCat Create (5.4ms)[0m  [1m[32mINSERT INTO "cats" ("birth_date", "color", "name", "sex", "description", "created_at", "updated_at") VALUES ($1, $2, $3, $4, $5, $6, $7) RETURNING "id"[0m  [["birth_date", "2016-04-12"], ["color", "tuxedo"], ["name", "BamBam"], ["sex", "F"], ["description", "Very Skittish"], ["created_at", "2022-07-01 20:53:20.294518"], ["updated_at", "2022-07-01 20:53:20.294518"]]
  ↳ app/controllers/cats_controller.rb:23
  [1m[35m (4.3ms)[0m  [1m[35mCOMMIT[0m
  ↳ app/controllers/cats_controller.rb:23
Redirected to http://localhost:3000/cats/8
Completed 302 Found in 28ms (ActiveRecord: 10.3ms)


Started GET "/cats/8" for ::1 at 2022-07-01 16:53:20 -0400
Processing by CatsController#show as HTML
  Parameters: {"id"=>"8"}
  [1m[36mCat Load (1.2ms)[0m  [1m[34mSELECT  "cats".* FROM "cats" WHERE "cats"."id" = $1 LIMIT $2[0m  [["id", 8], ["LIMIT", 1]]
  ↳ app/controllers/cats_controller.rb:11
  Rendering cats/show.html.erb within layouts/application
  Rendered cats/show.html.erb within layouts/application (1.5ms)
Completed 200 OK in 39ms (Views: 29.3ms | ActiveRecord: 1.7ms)


Started GET "/cats/8/edit" for ::1 at 2022-07-01 17:03:33 -0400
  [1m[35m (0.8ms)[0m  [1m[34mSELECT "schema_migrations"."version" FROM "schema_migrations" ORDER BY "schema_migrations"."version" ASC[0m
  ↳ /home/stachecoding2/.rbenv/versions/2.5.1/lib/ruby/gems/2.5.0/gems/activerecord-5.2.8/lib/active_record/log_subscriber.rb:98
Processing by CatsController#edit as HTML
  Parameters: {"id"=>"8"}
  [1m[36mCat Load (1.4ms)[0m  [1m[34mSELECT  "cats".* FROM "cats" WHERE "cats"."id" = $1 LIMIT $2[0m  [["id", 8], ["LIMIT", 1]]
  ↳ app/controllers/cats_controller.rb:31
  Rendering cats/edit.html.erb within layouts/application
  Rendered cats/edit.html.erb within layouts/application (2.3ms)
Completed 200 OK in 354ms (Views: 298.2ms | ActiveRecord: 12.1ms)


Started PATCH "/cats/8" for ::1 at 2022-07-01 17:04:06 -0400
Processing by CatsController#update as HTML
  Parameters: {"cat"=>{"name"=>"Pizza", "sex"=>"M", "color"=>"orange", "birth_date"=>"2022-03-01", "description"=>"likes to eat"}, "id"=>"8"}
  [1m[36mCat Load (1.2ms)[0m  [1m[34mSELECT  "cats".* FROM "cats" WHERE "cats"."id" = $1 LIMIT $2[0m  [["id", 8], ["LIMIT", 1]]
  ↳ app/controllers/cats_controller.rb:36
  [1m[35m (0.7ms)[0m  [1m[35mBEGIN[0m
  ↳ app/controllers/cats_controller.rb:37
  [1m[36mCat Update (2.2ms)[0m  [1m[33mUPDATE "cats" SET "birth_date" = $1, "color" = $2, "name" = $3, "sex" = $4, "description" = $5, "updated_at" = $6 WHERE "cats"."id" = $7[0m  [["birth_date", "2022-03-01"], ["color", "orange"], ["name", "Pizza"], ["sex", "M"], ["description", "likes to eat"], ["updated_at", "2022-07-01 21:04:06.656357"], ["id", 8]]
  ↳ app/controllers/cats_controller.rb:37
  [1m[35m (3.6ms)[0m  [1m[35mCOMMIT[0m
  ↳ app/controllers/cats_controller.rb:37
Redirected to http://localhost:3000/cats/8
Completed 302 Found in 29ms (ActiveRecord: 7.8ms)


Started GET "/cats/8" for ::1 at 2022-07-01 17:04:06 -0400
Processing by CatsController#show as HTML
  Parameters: {"id"=>"8"}
  [1m[36mCat Load (0.9ms)[0m  [1m[34mSELECT  "cats".* FROM "cats" WHERE "cats"."id" = $1 LIMIT $2[0m  [["id", 8], ["LIMIT", 1]]
  ↳ app/controllers/cats_controller.rb:11
  Rendering cats/show.html.erb within layouts/application
  Rendered cats/show.html.erb within layouts/application (1.2ms)
Completed 200 OK in 28ms (Views: 25.0ms | ActiveRecord: 0.9ms)


Started GET "/cats/8/edit" for ::1 at 2022-07-01 17:12:01 -0400
Processing by CatsController#edit as HTML
  Parameters: {"id"=>"8"}
  [1m[36mCat Load (0.9ms)[0m  [1m[34mSELECT  "cats".* FROM "cats" WHERE "cats"."id" = $1 LIMIT $2[0m  [["id", 8], ["LIMIT", 1]]
  ↳ app/controllers/cats_controller.rb:31
  Rendering cats/edit.html.erb within layouts/application
  Rendered cats/_form.html.erb (2.0ms)
  Rendered cats/edit.html.erb within layouts/application (5.3ms)
Completed 200 OK in 51ms (Views: 45.1ms | ActiveRecord: 1.4ms)


Started PATCH "/cats/8" for ::1 at 2022-07-01 17:12:17 -0400
Processing by CatsController#update as HTML
  Parameters: {"cat"=>{"name"=>"bob", "sex"=>"M", "color"=>"grey", "birth_date"=>"2000-03-02", "description"=>"isadhfaishodf"}, "id"=>"8"}
  [1m[36mCat Load (1.2ms)[0m  [1m[34mSELECT  "cats".* FROM "cats" WHERE "cats"."id" = $1 LIMIT $2[0m  [["id", 8], ["LIMIT", 1]]
  ↳ app/controllers/cats_controller.rb:36
  [1m[35m (0.6ms)[0m  [1m[35mBEGIN[0m
  ↳ app/controllers/cats_controller.rb:37
  [1m[36mCat Update (1.4ms)[0m  [1m[33mUPDATE "cats" SET "birth_date" = $1, "color" = $2, "name" = $3, "description" = $4, "updated_at" = $5 WHERE "cats"."id" = $6[0m  [["birth_date", "2000-03-02"], ["color", "grey"], ["name", "bob"], ["description", "isadhfaishodf"], ["updated_at", "2022-07-01 21:12:17.798507"], ["id", 8]]
  ↳ app/controllers/cats_controller.rb:37
  [1m[35m (3.1ms)[0m  [1m[35mCOMMIT[0m
  ↳ app/controllers/cats_controller.rb:37
Redirected to http://localhost:3000/cats/8
Completed 302 Found in 21ms (ActiveRecord: 6.3ms)


Started GET "/cats/8" for ::1 at 2022-07-01 17:12:17 -0400
Processing by CatsController#show as HTML
  Parameters: {"id"=>"8"}
  [1m[36mCat Load (2.0ms)[0m  [1m[34mSELECT  "cats".* FROM "cats" WHERE "cats"."id" = $1 LIMIT $2[0m  [["id", 8], ["LIMIT", 1]]
  ↳ app/controllers/cats_controller.rb:11
  Rendering cats/show.html.erb within layouts/application
  Rendered cats/show.html.erb within layouts/application (1.1ms)
Completed 200 OK in 36ms (Views: 29.7ms | ActiveRecord: 2.0ms)


Started GET "/cats/new" for ::1 at 2022-07-01 17:13:04 -0400
Processing by CatsController#new as HTML
  Rendering cats/new.html.erb within layouts/application
  Rendered cats/_form.html.erb (1.3ms)
  Rendered cats/new.html.erb within layouts/application (3.9ms)
Completed 200 OK in 30ms (Views: 29.2ms | ActiveRecord: 0.0ms)


Started GET "/cats/8/edit" for ::1 at 2022-07-01 17:17:06 -0400
Processing by CatsController#edit as HTML
  Parameters: {"id"=>"8"}
  [1m[36mCat Load (1.7ms)[0m  [1m[34mSELECT  "cats".* FROM "cats" WHERE "cats"."id" = $1 LIMIT $2[0m  [["id", 8], ["LIMIT", 1]]
  ↳ app/controllers/cats_controller.rb:31
  Rendering cats/edit.html.erb within layouts/application
  Rendered cats/_form.html.erb (1.7ms)
  Rendered cats/edit.html.erb within layouts/application (3.7ms)
Completed 200 OK in 38ms (Views: 31.3ms | ActiveRecord: 1.7ms)


Started GET "/cats/8/edit" for ::1 at 2022-07-01 17:18:52 -0400
Processing by CatsController#edit as HTML
  Parameters: {"id"=>"8"}
  [1m[36mCat Load (0.9ms)[0m  [1m[34mSELECT  "cats".* FROM "cats" WHERE "cats"."id" = $1 LIMIT $2[0m  [["id", 8], ["LIMIT", 1]]
  ↳ app/controllers/cats_controller.rb:31
  Rendering cats/edit.html.erb within layouts/application
  Rendered cats/_form.html.erb (1.6ms)
  Rendered cats/edit.html.erb within layouts/application (3.6ms)
Completed 200 OK in 42ms (Views: 38.2ms | ActiveRecord: 0.9ms)


Started GET "/cats/8/edit" for ::1 at 2022-07-01 17:19:59 -0400
Processing by CatsController#edit as HTML
  Parameters: {"id"=>"8"}
  [1m[36mCat Load (0.9ms)[0m  [1m[34mSELECT  "cats".* FROM "cats" WHERE "cats"."id" = $1 LIMIT $2[0m  [["id", 8], ["LIMIT", 1]]
  ↳ app/controllers/cats_controller.rb:31
  Rendering cats/edit.html.erb within layouts/application
  Rendered cats/_form.html.erb (1.9ms)
  Rendered cats/edit.html.erb within layouts/application (4.1ms)
Completed 200 OK in 40ms (Views: 36.3ms | ActiveRecord: 0.9ms)


Started GET "/cats/8/edit" for ::1 at 2022-07-01 17:20:00 -0400
Processing by CatsController#edit as HTML
  Parameters: {"id"=>"8"}
  [1m[36mCat Load (0.7ms)[0m  [1m[34mSELECT  "cats".* FROM "cats" WHERE "cats"."id" = $1 LIMIT $2[0m  [["id", 8], ["LIMIT", 1]]
  ↳ app/controllers/cats_controller.rb:31
  Rendering cats/edit.html.erb within layouts/application
  Rendered cats/_form.html.erb (2.0ms)
  Rendered cats/edit.html.erb within layouts/application (4.1ms)
Completed 200 OK in 41ms (Views: 37.7ms | ActiveRecord: 0.7ms)


Started GET "/cats/new" for ::1 at 2022-07-01 17:20:23 -0400
Processing by CatsController#new as HTML
  Rendering cats/new.html.erb within layouts/application
  Rendered cats/_form.html.erb (2.2ms)
  Rendered cats/new.html.erb within layouts/application (4.8ms)
Completed 200 OK in 91ms (Views: 89.7ms | ActiveRecord: 0.0ms)


